<?xml version="1.0" encoding="UTF-8"?>
<testsuite xmlns:xsi="http://www.w3.org/2001/XMLSchema-instance" xsi:noNamespaceSchemaLocation="https://maven.apache.org/surefire/maven-surefire-plugin/xsd/surefire-test-report.xsd" version="3.0.2" name="com.portal.JobPortalApplicationTests" time="3.671" tests="1" errors="0" skipped="0" failures="0">
  <properties>
[...]
</properties>
  <testcase name="contextLoads" classname="com.portal.JobPortalApplicationTests" time="0.58">
    <system-out><![CDATA[Standard Commons Logging discovery in action with spring-jcl: please remove commons-logging.jar from classpath in order to avoid potential conflicts
20:33:36.511 [main] INFO org.springframework.test.context.support.AnnotationConfigContextLoaderUtils -- Could not detect default configuration classes for test class [com.portal.JobPortalApplicationTests]: JobPortalApplicationTests does not declare any static, non-private, non-final, nested classes annotated with @Configuration.
20:33:36.585 [main] INFO org.springframework.boot.test.context.SpringBootTestContextBootstrapper -- Found @SpringBootConfiguration com.portal.JobPortalApplication for test class com.portal.JobPortalApplicationTests
20:33:36.706 [main] INFO org.springframework.boot.devtools.restart.RestartApplicationListener -- Restart disabled due to context in which it is running

  .   ____          _            __ _ _
 /\\ / ___'_ __ _ _(_)_ __  __ _ \ \ \ \
( ( )\___ | '_ | '_| | '_ \/ _` | \ \ \ \
 \\/  ___)| |_)| | | | | || (_| |  ) ) ) )
  '  |____| .__|_| |_|_| |_\__, | / / / /
 =========|_|==============|___/=/_/_/_/

 :: Spring Boot ::                (v3.4.5)

2025-05-14T20:33:36.993+05:30  INFO 47357 --- [JobPortal] [           main] com.portal.JobPortalApplicationTests     : Starting JobPortalApplicationTests using Java 21.0.4 with PID 47357 (started by keshav in /home/keshav/Desktop/smartJobPortal/portal)
2025-05-14T20:33:36.995+05:30  INFO 47357 --- [JobPortal] [           main] com.portal.JobPortalApplicationTests     : No active profile set, falling back to 1 default profile: "default"
2025-05-14T20:33:37.725+05:30  INFO 47357 --- [JobPortal] [           main] .s.d.r.c.RepositoryConfigurationDelegate : Bootstrapping Spring Data MongoDB repositories in DEFAULT mode.
2025-05-14T20:33:37.835+05:30  INFO 47357 --- [JobPortal] [           main] .s.d.r.c.RepositoryConfigurationDelegate : Finished Spring Data repository scanning in 105 ms. Found 4 MongoDB repository interfaces.
2025-05-14T20:33:38.256+05:30  INFO 47357 --- [JobPortal] [           main] org.mongodb.driver.client                : MongoClient with metadata {"application": {"name": "Cluster0"}, "driver": {"name": "mongo-java-driver|sync|spring-boot", "version": "5.2.1"}, "os": {"type": "Linux", "name": "Linux", "architecture": "amd64", "version": "6.11.0-25-generic"}, "platform": "Java/Oracle Corporation/21.0.4+8-LTS-274"} created with settings MongoClientSettings{readPreference=primary, writeConcern=WriteConcern{w=majority, wTimeout=null ms, journal=null}, retryWrites=true, retryReads=true, readConcern=ReadConcern{level=null}, credential=MongoCredential{mechanism=null, userName='linej47972', source='admin', password=<hidden>, mechanismProperties=<hidden>}, transportSettings=null, commandListeners=[io.micrometer.core.instrument.binder.mongodb.MongoMetricsCommandListener@35fa450f], codecRegistry=ProvidersCodecRegistry{codecProviders=[ValueCodecProvider{}, BsonValueCodecProvider{}, DBRefCodecProvider{}, DBObjectCodecProvider{}, DocumentCodecProvider{}, CollectionCodecProvider{}, IterableCodecProvider{}, MapCodecProvider{}, GeoJsonCodecProvider{}, GridFSFileCodecProvider{}, Jsr310CodecProvider{}, JsonObjectCodecProvider{}, BsonCodecProvider{}, EnumCodecProvider{}, com.mongodb.client.model.mql.ExpressionCodecProvider@3e03046d, com.mongodb.Jep395RecordCodecProvider@9b3be1c, com.mongodb.KotlinCodecProvider@74e497ae]}, loggerSettings=LoggerSettings{maxDocumentLength=1000}, clusterSettings={hosts=[127.0.0.1:27017], srvHost=cluster0.gd2bdof.mongodb.net, srvServiceName=mongodb, mode=MULTIPLE, requiredClusterType=REPLICA_SET, requiredReplicaSetName='atlas-101bx7-shard-0', serverSelector='null', clusterListeners='[]', serverSelectionTimeout='30000 ms', localThreshold='15 ms'}, socketSettings=SocketSettings{connectTimeoutMS=10000, readTimeoutMS=0, receiveBufferSize=0, proxySettings=ProxySettings{host=null, port=null, username=null, password=null}}, heartbeatSocketSettings=SocketSettings{connectTimeoutMS=10000, readTimeoutMS=10000, receiveBufferSize=0, proxySettings=ProxySettings{host=null, port=null, username=null, password=null}}, connectionPoolSettings=ConnectionPoolSettings{maxSize=100, minSize=0, maxWaitTimeMS=120000, maxConnectionLifeTimeMS=0, maxConnectionIdleTimeMS=0, maintenanceInitialDelayMS=0, maintenanceFrequencyMS=60000, connectionPoolListeners=[io.micrometer.core.instrument.binder.mongodb.MongoMetricsConnectionPoolListener@13516600], maxConnecting=2}, serverSettings=ServerSettings{heartbeatFrequencyMS=10000, minHeartbeatFrequencyMS=500, serverMonitoringMode=AUTO, serverListeners='[]', serverMonitorListeners='[]'}, sslSettings=SslSettings{enabled=true, invalidHostNameAllowed=false, context=null}, applicationName='Cluster0', compressorList=[], uuidRepresentation=JAVA_LEGACY, serverApi=null, autoEncryptionSettings=null, dnsClient=null, inetAddressResolver=null, contextProvider=null, timeoutMS=null}
2025-05-14T20:33:38.303+05:30  INFO 47357 --- [JobPortal] [dof.mongodb.net] org.mongodb.driver.cluster               : Adding discovered server ac-t6qt3zy-shard-00-02.gd2bdof.mongodb.net:27017 to client view of cluster
2025-05-14T20:33:38.324+05:30  INFO 47357 --- [JobPortal] [dof.mongodb.net] org.mongodb.driver.cluster               : Adding discovered server ac-t6qt3zy-shard-00-00.gd2bdof.mongodb.net:27017 to client view of cluster
2025-05-14T20:33:38.326+05:30  INFO 47357 --- [JobPortal] [dof.mongodb.net] org.mongodb.driver.cluster               : Adding discovered server ac-t6qt3zy-shard-00-01.gd2bdof.mongodb.net:27017 to client view of cluster
2025-05-14T20:33:38.594+05:30  INFO 47357 --- [JobPortal] [           main] com.portal.user.security.JwtHelper       : created bean named jwthelper
2025-05-14T20:33:38.607+05:30  INFO 47357 --- [JobPortal] [           main] eAuthenticationProviderManagerConfigurer : Global AuthenticationManager configured with AuthenticationProvider bean with name daoAuthenticationProvider
2025-05-14T20:33:38.607+05:30  WARN 47357 --- [JobPortal] [           main] r$InitializeUserDetailsManagerConfigurer : Global AuthenticationManager configured with an AuthenticationProvider bean. UserDetailsService beans will not be used by Spring Security for automatically configuring username/password login. Consider removing the AuthenticationProvider bean. Alternatively, consider using the UserDetailsService in a manually instantiated DaoAuthenticationProvider. If the current configuration is intentional, to turn off this warning, increase the logging level of 'org.springframework.security.config.annotation.authentication.configuration.InitializeUserDetailsBeanManagerConfigurer' to ERROR
2025-05-14T20:33:38.896+05:30  INFO 47357 --- [JobPortal] [ngodb.net:27017] org.mongodb.driver.cluster               : Monitor thread successfully connected to server with description ServerDescription{address=ac-t6qt3zy-shard-00-00.gd2bdof.mongodb.net:27017, type=REPLICA_SET_SECONDARY, cryptd=false, state=CONNECTED, ok=true, minWireVersion=0, maxWireVersion=25, maxDocumentSize=16777216, logicalSessionTimeoutMinutes=30, roundTripTimeNanos=289008721, minRoundTripTimeNanos=0, setName='atlas-101bx7-shard-0', canonicalAddress=ac-t6qt3zy-shard-00-00.gd2bdof.mongodb.net:27017, hosts=[ac-t6qt3zy-shard-00-00.gd2bdof.mongodb.net:27017, ac-t6qt3zy-shard-00-02.gd2bdof.mongodb.net:27017, ac-t6qt3zy-shard-00-01.gd2bdof.mongodb.net:27017], passives=[], arbiters=[], primary='ac-t6qt3zy-shard-00-02.gd2bdof.mongodb.net:27017', tagSet=TagSet{[Tag{name='availabilityZone', value='aps1-az1'}, Tag{name='diskState', value='READY'}, Tag{name='nodeType', value='ELECTABLE'}, Tag{name='provider', value='AWS'}, Tag{name='region', value='AP_SOUTH_1'}, Tag{name='workloadType', value='OPERATIONAL'}]}, electionId=null, setVersion=302, topologyVersion=TopologyVersion{processId=681cd56b4cfc5151907dad5d, counter=4}, lastWriteDate=Wed May 14 20:33:38 IST 2025, lastUpdateTimeNanos=28709278947361}
2025-05-14T20:33:38.896+05:30  INFO 47357 --- [JobPortal] [ngodb.net:27017] org.mongodb.driver.cluster               : Monitor thread successfully connected to server with description ServerDescription{address=ac-t6qt3zy-shard-00-01.gd2bdof.mongodb.net:27017, type=REPLICA_SET_SECONDARY, cryptd=false, state=CONNECTED, ok=true, minWireVersion=0, maxWireVersion=25, maxDocumentSize=16777216, logicalSessionTimeoutMinutes=30, roundTripTimeNanos=213810174, minRoundTripTimeNanos=0, setName='atlas-101bx7-shard-0', canonicalAddress=ac-t6qt3zy-shard-00-01.gd2bdof.mongodb.net:27017, hosts=[ac-t6qt3zy-shard-00-00.gd2bdof.mongodb.net:27017, ac-t6qt3zy-shard-00-02.gd2bdof.mongodb.net:27017, ac-t6qt3zy-shard-00-01.gd2bdof.mongodb.net:27017], passives=[], arbiters=[], primary='ac-t6qt3zy-shard-00-02.gd2bdof.mongodb.net:27017', tagSet=TagSet{[Tag{name='availabilityZone', value='aps1-az3'}, Tag{name='diskState', value='READY'}, Tag{name='nodeType', value='ELECTABLE'}, Tag{name='provider', value='AWS'}, Tag{name='region', value='AP_SOUTH_1'}, Tag{name='workloadType', value='OPERATIONAL'}]}, electionId=null, setVersion=302, topologyVersion=TopologyVersion{processId=681cd5e8a38552f4d7f90d16, counter=3}, lastWriteDate=Wed May 14 20:33:38 IST 2025, lastUpdateTimeNanos=28709278947394}
2025-05-14T20:33:38.896+05:30  INFO 47357 --- [JobPortal] [ngodb.net:27017] org.mongodb.driver.cluster               : Monitor thread successfully connected to server with description ServerDescription{address=ac-t6qt3zy-shard-00-02.gd2bdof.mongodb.net:27017, type=REPLICA_SET_PRIMARY, cryptd=false, state=CONNECTED, ok=true, minWireVersion=0, maxWireVersion=25, maxDocumentSize=16777216, logicalSessionTimeoutMinutes=30, roundTripTimeNanos=292877927, minRoundTripTimeNanos=0, setName='atlas-101bx7-shard-0', canonicalAddress=ac-t6qt3zy-shard-00-02.gd2bdof.mongodb.net:27017, hosts=[ac-t6qt3zy-shard-00-00.gd2bdof.mongodb.net:27017, ac-t6qt3zy-shard-00-02.gd2bdof.mongodb.net:27017, ac-t6qt3zy-shard-00-01.gd2bdof.mongodb.net:27017], passives=[], arbiters=[], primary='ac-t6qt3zy-shard-00-02.gd2bdof.mongodb.net:27017', tagSet=TagSet{[Tag{name='availabilityZone', value='aps1-az2'}, Tag{name='diskState', value='READY'}, Tag{name='nodeType', value='ELECTABLE'}, Tag{name='provider', value='AWS'}, Tag{name='region', value='AP_SOUTH_1'}, Tag{name='workloadType', value='OPERATIONAL'}]}, electionId=7fffffff000000000000010b, setVersion=302, topologyVersion=TopologyVersion{processId=681cd5aa3517ba587aaf6ea9, counter=6}, lastWriteDate=Wed May 14 20:33:38 IST 2025, lastUpdateTimeNanos=28709278947443}
2025-05-14T20:33:38.900+05:30  INFO 47357 --- [JobPortal] [ngodb.net:27017] org.mongodb.driver.cluster               : Discovered replica set primary ac-t6qt3zy-shard-00-02.gd2bdof.mongodb.net:27017 with max election id 7fffffff000000000000010b and max set version 302
2025-05-14T20:33:39.067+05:30  INFO 47357 --- [JobPortal] [           main] o.s.b.a.e.web.EndpointLinksResolver      : Exposing 1 endpoint beneath base path '/actuator'
2025-05-14T20:33:39.407+05:30  INFO 47357 --- [JobPortal] [           main] com.portal.JobPortalApplicationTests     : Started JobPortalApplicationTests in 2.714 seconds (process running for 3.372)
]]></system-out>
    <system-err><![CDATA[Mockito is currently self-attaching to enable the inline-mock-maker. This will no longer work in future releases of the JDK. Please add Mockito as an agent to your build what is described in Mockito's documentation: https://javadoc.io/doc/org.mockito/mockito-core/latest/org/mockito/Mockito.html#0.3
WARNING: A Java agent has been loaded dynamically (/home/keshav/.m2/repository/net/bytebuddy/byte-buddy-agent/1.15.11/byte-buddy-agent-1.15.11.jar)
WARNING: If a serviceability tool is in use, please run with -XX:+EnableDynamicAgentLoading to hide this warning
WARNING: If a serviceability tool is not in use, please run with -Djdk.instrument.traceUsage for more information
WARNING: Dynamic loading of agents will be disallowed by default in a future release
]]></system-err>
  </testcase>
</testsuite>